<?xml version="1.0" encoding="UTF-8"?>
<testsuite name="io.bytecodemapper.cli.MethodScorerFlagsTest" tests="1" skipped="0" failures="0" errors="0" timestamp="2025-08-21T04:18:02" hostname="PRAGMATIQPASCAL" time="8.565">
  <properties/>
  <testcase name="weightsAndAlphaOverrideAreAcceptedAndStable" classname="io.bytecodemapper.cli.MethodScorerFlagsTest" time="8.565"/>
  <system-out><![CDATA[Wrote Tiny v2 to: C:\Users\pashq\IdeaProjects\fernflower-osrs\fernflower-osrs\mapper-cli\build\test-scorer-flags\map-a.tiny
Wrote Tiny v2 to: C:\Users\pashq\IdeaProjects\fernflower-osrs\fernflower-osrs\mapper-cli\build\test-scorer-flags\map-b.tiny
Wrote Tiny v2 to: C:\Users\pashq\IdeaProjects\fernflower-osrs\fernflower-osrs\mapper-cli\build\test-scorer-flags\map-b.tiny
]]></system-out>
  <system-err><![CDATA[]]></system-err>
</testsuite>
