<?xml version="1.0" encoding="UTF-8"?>
<testsuite name="io.bytecodemapper.cli.BenchManifestTest" tests="1" skipped="0" failures="0" errors="0" timestamp="2025-08-20T07:10:44" hostname="PRAGMATIQPASCAL" time="1.656">
  <properties/>
  <testcase name="manifestBenchProducesMetrics" classname="io.bytecodemapper.cli.BenchManifestTest" time="1.656"/>
  <system-out><![CDATA[[bench] pairs=2 totalAccepted=3 totalAbstained=13678
[bench] Wrote metrics to C:\Users\pashq\IdeaProjects\fernflower-osrs\fernflower-osrs\mapper-cli\build\bench\metrics-test.json
[bench] pairs=2 totalAccepted=3 totalAbstained=13678
[bench] Wrote metrics to C:\Users\pashq\IdeaProjects\fernflower-osrs\fernflower-osrs\mapper-cli\build\bench\metrics-test2.json
]]></system-out>
  <system-err><![CDATA[]]></system-err>
</testsuite>
