<?xml version="1.0" encoding="UTF-8"?>
<testsuite name="io.bytecodemapper.cli.MapOldNewDebugFlagsTest" tests="1" skipped="0" failures="0" errors="0" timestamp="2025-08-19T08:53:26" hostname="PRAGMATIQPASCAL" time="0.0">
  <properties/>
  <testcase name="debugFlagsParseAndHonorDefaults" classname="io.bytecodemapper.cli.MapOldNewDebugFlagsTest" time="0.0"/>
  <system-out><![CDATA[]]></system-out>
  <system-err><![CDATA[]]></system-err>
</testsuite>
