<?xml version="1.0" encoding="UTF-8"?>
<testsuite name="io.bytecodemapper.core.index.NsfIndexTest" tests="2" skipped="0" failures="0" errors="0" timestamp="2025-08-20T19:10:48" hostname="PRAGMATIQPASCAL" time="0.001">
  <properties/>
  <testcase name="deterministicOrdering" classname="io.bytecodemapper.core.index.NsfIndexTest" time="0.001"/>
  <testcase name="canonicalExactAndNear" classname="io.bytecodemapper.core.index.NsfIndexTest" time="0.0"/>
  <system-out><![CDATA[]]></system-out>
  <system-err><![CDATA[]]></system-err>
</testsuite>
