<?xml version="1.0" encoding="UTF-8"?>
<testsuite name="io.bytecodemapper.cli.DeterminismSmokeTest" tests="1" skipped="0" failures="0" errors="0" timestamp="2025-08-18T17:40:50" hostname="PRAGMATIQPASCAL" time="0.002">
  <properties/>
  <testcase name="placeholder" classname="io.bytecodemapper.cli.DeterminismSmokeTest" time="0.002"/>
  <system-out><![CDATA[]]></system-out>
  <system-err><![CDATA[]]></system-err>
</testsuite>
