<?xml version="1.0" encoding="UTF-8"?>
<testsuite name="io.bytecodemapper.cli.RemapperVerifyIT" tests="1" skipped="0" failures="0" errors="0" timestamp="2025-08-20T07:10:53" hostname="PRAGMATIQPASCAL" time="4.419">
  <properties/>
  <testcase name="tiny_and_asm_remap_deterministic_and_nonempty" classname="io.bytecodemapper.cli.RemapperVerifyIT" time="4.419"/>
  <system-out><![CDATA[[DF] iterateToFixpoint start, nodes=24
[DF] iter=1, changed=true
[DF] iter=2, changed=false
[DF] iterateToFixpoint start, nodes=1
[DF] iter=1, changed=false
[DF] iterateToFixpoint start, nodes=1
[DF] iter=1, changed=false
[DF] iterateToFixpoint start, nodes=1
[DF] iter=1, changed=false
[DF] iterateToFixpoint start, nodes=12
[DF] iter=1, changed=false
[DF] iterateToFixpoint start, nodes=24
[DF] iter=1, changed=false
[DF] iterateToFixpoint start, nodes=12
[DF] iter=1, changed=false
[DF] iterateToFixpoint start, nodes=24
[DF] iter=1, changed=false
[DF] iterateToFixpoint start, nodes=61
[DF] iter=1, changed=true
[DF] iter=2, changed=false
[DF] iterateToFixpoint start, nodes=23
[DF] iter=1, changed=false
[DF] iterateToFixpoint start, nodes=1
[DF] iter=1, changed=false
[DF] iterateToFixpoint start, nodes=39
[DF] iter=1, changed=true
[DF] iter=2, changed=false
[DF] iterateToFixpoint start, nodes=2
[DF] iter=1, changed=false
[DF] iterateToFixpoint start, nodes=28
[DF] iter=1, changed=true
[DF] iter=2, changed=true
[DF] iter=3, changed=true
[DF] iter=4, changed=false
[DF] iterateToFixpoint start, nodes=2
[DF] iter=1, changed=false
[DF] iterateToFixpoint start, nodes=4
[DF] iter=1, changed=false
[DF] iterateToFixpoint start, nodes=18
[DF] iter=1, changed=true
[DF] iter=2, changed=true
[DF] iter=3, changed=false
[DF] iterateToFixpoint start, nodes=29
[DF] iter=1, changed=true
[DF] iter=2, changed=true
[DF] iter=3, changed=false
[DF] iterateToFixpoint start, nodes=1
[DF] iter=1, changed=false
[DF] iterateToFixpoint start, nodes=25
[DF] iter=1, changed=true
[DF] iter=2, changed=true
[DF] iter=3, changed=false
[DF] iterateToFixpoint start, nodes=34
[DF] iter=1, changed=true
[DF] iter=2, changed=false
[DF] iterateToFixpoint start, nodes=73
[DF] iter=1, changed=true
[DF] iter=2, changed=false
[DF] iterateToFixpoint start, nodes=2
[DF] iter=1, changed=false
[DF] iterateToFixpoint start, nodes=18
[DF] iter=1, changed=true
[DF] iter=2, changed=true
[DF] iter=3, changed=false
[DF] iterateToFixpoint start, nodes=18
[DF] iter=1, changed=true
[DF] iter=2, changed=true
[DF] iter=3, changed=false
[DF] iterateToFixpoint start, nodes=15
[DF] iter=1, changed=false
[DF] iterateToFixpoint start, nodes=23
[DF] iter=1, changed=true
[DF] iter=2, changed=true
[DF] iter=3, changed=false
[DF] iterateToFixpoint start, nodes=63
[DF] iter=1, changed=true
[DF] iter=2, changed=false
[DF] iterateToFixpoint start, nodes=26
[DF] iter=1, changed=true
[DF] iter=2, changed=true
[DF] iter=3, changed=false
[DF] iterateToFixpoint start, nodes=1
[DF] iter=1, changed=false
[DF] iterateToFixpoint start, nodes=63
[DF] iter=1, changed=true
[DF] iter=2, changed=false
[DF] iterateToFixpoint start, nodes=57
[DF] iter=1, changed=true
[DF] iter=2, changed=false
[DF] iterateToFixpoint start, nodes=25
[DF] iter=1, changed=false
[DF] iterateToFixpoint start, nodes=34
[DF] iter=1, changed=true
[DF] iter=2, changed=true
[DF] iter=3, changed=false
[DF] iterateToFixpoint start, nodes=4
[DF] iter=1, changed=false
[DF] iterateToFixpoint start, nodes=5
[DF] iter=1, changed=false
[DF] iterateToFixpoint start, nodes=1
[DF] iter=1, changed=false
[DF] iterateToFixpoint start, nodes=1
[DF] iter=1, changed=false
[DF] iterateToFixpoint start, nodes=17
[DF] iter=1, changed=true
[DF] iter=2, changed=false
[DF] iterateToFixpoint start, nodes=2
[DF] iter=1, changed=false
[DF] iterateToFixpoint start, nodes=1
[DF] iter=1, changed=false
[DF] iterateToFixpoint start, nodes=2
[DF] iter=1, changed=false
[DF] iterateToFixpoint start, nodes=1
[DF] iter=1, changed=false
[DF] iterateToFixpoint start, nodes=4
[DF] iter=1, changed=false
[DF] iterateToFixpoint start, nodes=1
[DF] iter=1, changed=false
[DF] iterateToFixpoint start, nodes=2
[DF] iter=1, changed=false
[DF] iterateToFixpoint start, nodes=8
[DF] iter=1, changed=false
[DF] iterateToFixpoint start, nodes=8
[DF] iter=1, changed=false
[DF] iterateToFixpoint start, nodes=8
[DF] iter=1, changed=false
[DF] iterateToFixpoint start, nodes=133
[DF] iter=1, changed=false
[DF] iterateToFixpoint start, nodes=109
[DF] iter=1, changed=false
[DF] iterateToFixpoint start, nodes=2
[DF] iter=1, changed=false
[DF] iterateToFixpoint start, nodes=58
[DF] iter=1, changed=true
[DF] iter=2, changed=true
[DF] iter=3, changed=false
[DF] iterateToFixpoint start, nodes=35
[DF] iter=1, changed=true
[DF] iter=2, changed=true
[DF] iter=3, changed=true
[DF] iter=4, changed=false
[DF] iterateToFixpoint start, nodes=11
[DF] iter=1, changed=false
[DF] iterateToFixpoint start, nodes=12
[DF] iter=1, changed=false
[DF] iterateToFixpoint start, nodes=11
[DF] iter=1, changed=false
[DF] iterateToFixpoint start, nodes=2
[DF] iter=1, changed=false
[DF] iterateToFixpoint start, nodes=9
[DF] iter=1, changed=false
[DF] iterateToFixpoint start, nodes=8
[DF] iter=1, changed=false
[DF] iterateToFixpoint start, nodes=8
[DF] iter=1, changed=false
[DF] iterateToFixpoint start, nodes=48
[DF] iter=1, changed=true
[DF] iter=2, changed=true
[DF] iter=3, changed=true
[DF] iter=4, changed=false
[DF] iterateToFixpoint start, nodes=1
[DF] iter=1, changed=false
[DF] iterateToFixpoint start, nodes=10
[DF] iter=1, changed=false
[DF] iterateToFixpoint start, nodes=34
[DF] iter=1, changed=true
[DF] iter=2, changed=true
[DF] iter=3, changed=true
[DF] iter=4, changed=false
[DF] iterateToFixpoint start, nodes=1
[DF] iter=1, changed=false
[DF] iterateToFixpoint start, nodes=1
[DF] iter=1, changed=false
[DF] iterateToFixpoint start, nodes=14
[DF] iter=1, changed=false
[DF] iterateToFixpoint start, nodes=1
[DF] iter=1, changed=false
[DF] iterateToFixpoint start, nodes=8
[DF] iter=1, changed=false
[DF] iterateToFixpoint start, nodes=32
[DF] iter=1, changed=true
[DF] iter=2, changed=true
[DF] iter=3, changed=true
[DF] iter=4, changed=false
[DF] iterateToFixpoint start, nodes=55
[DF] iter=1, changed=true
[DF] iter=2, changed=true
[DF] iter=3, changed=true
[DF] iter=4, changed=true
[DF] iter=5, changed=true
[DF] iter=6, changed=false
[DF] iterateToFixpoint start, nodes=46
[DF] iter=1, changed=true
[DF] iter=2, changed=true
[DF] iter=3, changed=true
[DF] iter=4, changed=true
[DF] iter=5, changed=false
[DF] iterateToFixpoint start, nodes=11
[DF] iter=1, changed=false
[DF] iterateToFixpoint start, nodes=18
[DF] iter=1, changed=true
[DF] iter=2, changed=false
[DF] iterateToFixpoint start, nodes=5
[DF] iter=1, changed=false
[DF] iterateToFixpoint start, nodes=73
[DF] iter=1, changed=true
[DF] iter=2, changed=true
[DF] iter=3, changed=true
[DF] iter=4, changed=true
[DF] iter=5, changed=true
[DF] iter=6, changed=false
[DF] iterateToFixpoint start, nodes=10
[DF] iter=1, changed=false
[DF] iterateToFixpoint start, nodes=17
[DF] iter=1, changed=true
[DF] iter=2, changed=true
[DF] iter=3, changed=false
[DF] iterateToFixpoint start, nodes=6
[DF] iter=1, changed=false
[DF] iterateToFixpoint start, nodes=8
[DF] iter=1, changed=false
[DF] iterateToFixpoint start, nodes=5
[DF] iter=1, changed=false
[DF] iterateToFixpoint start, nodes=4
[DF] iter=1, changed=false
[DF] iterateToFixpoint start, nodes=19
[DF] iter=1, changed=false
[DF] iterateToFixpoint start, nodes=5
[DF] iter=1, changed=false
[DF] iterateToFixpoint start, nodes=47
[DF] iter=1, changed=true
[DF] iter=2, changed=false
[DF] iterateToFixpoint start, nodes=1
[DF] iter=1, changed=false
[DF] iterateToFixpoint start, nodes=1
[DF] iter=1, changed=false
[DF] iterateToFixpoint start, nodes=15
[DF] iter=1, changed=true
[DF] iter=2, changed=false
[DF] iterateToFixpoint start, nodes=35
[DF] iter=1, changed=true
[DF] iter=2, changed=false
[DF] iterateToFixpoint start, nodes=2
[DF] iter=1, changed=false
[DF] iterateToFixpoint start, nodes=10
[DF] iter=1, changed=false
[DF] iterateToFixpoint start, nodes=1
[DF] iter=1, changed=false
[DF] iterateToFixpoint start, nodes=18
[DF] iter=1, changed=true
[DF] iter=2, changed=true
[DF] iter=3, changed=false
[DF] iterateToFixpoint start, nodes=20
[DF] iter=1, changed=true
[DF] iter=2, changed=false
[DF] iterateToFixpoint start, nodes=15
[DF] iter=1, changed=false
[DF] iterateToFixpoint start, nodes=10
[DF] iter=1, changed=false
[DF] iterateToFixpoint start, nodes=1
[DF] iter=1, changed=false
[DF] iterateToFixpoint start, nodes=1
[DF] iter=1, changed=false
[DF] iterateToFixpoint start, nodes=1
[DF] iter=1, changed=false
Wrote Tiny v2 to: C:\Users\pashq\IdeaProjects\fernflower-osrs\fernflower-osrs\mapper-cli\build\it\rv\map.tiny
[applyMappings] TinyRemapper verify: classes=328 methods=4 fields=0
[applyMappings] classes=328 methods=4 fields=0
[applyMappings] TinyRemapper verify: classes=328 methods=4 fields=0
[applyMappings] classes=328 methods=4 fields=0
[applyMappings] TinyRemapper verify: classes=328 methods=4 fields=0
[applyMappings] classes=328 methods=4 fields=0
[applyMappings] TinyRemapper verify: classes=328 methods=4 fields=0
[applyMappings] classes=328 methods=4 fields=0
]]></system-out>
  <system-err><![CDATA[]]></system-err>
</testsuite>
