<?xml version="1.0" encoding="UTF-8"?>
<testsuite name="io.bytecodemapper.cli.BenchDeterminismIT" tests="1" skipped="0" failures="0" errors="0" timestamp="2025-08-20T07:10:42" hostname="PRAGMATIQPASCAL" time="2.335">
  <properties/>
  <testcase name="bench_metrics_are_byte_identical_across_runs" classname="io.bytecodemapper.cli.BenchDeterminismIT" time="2.335"/>
  <system-out><![CDATA[[DF] iterateToFixpoint start, nodes=2
[DF] iter=1, changed=false
[DF] iterateToFixpoint start, nodes=4
[DF] iter=1, changed=false
[DF] iterateToFixpoint start, nodes=821
[DF] iter=1, changed=true
[DF] iter=2, changed=true
[DF] iter=3, changed=true
[DF] iter=4, changed=true
[DF] iter=5, changed=false
[DF] iterateToFixpoint start, nodes=2
[DF] iter=1, changed=false
[DF] iterateToFixpoint start, nodes=11
[DF] iter=1, changed=false
[DF] iterateToFixpoint start, nodes=12
[DF] iter=1, changed=false
[DF] iterateToFixpoint start, nodes=15
[DF] iter=1, changed=false
[DF] iterateToFixpoint start, nodes=17
[DF] iter=1, changed=false
[DF] iterateToFixpoint start, nodes=14
[DF] iter=1, changed=false
[DF] iterateToFixpoint start, nodes=13
[DF] iter=1, changed=false
[DF] iterateToFixpoint start, nodes=20
[DF] iter=1, changed=false
[DF] iterateToFixpoint start, nodes=18
[DF] iter=1, changed=false
[DF] iterateToFixpoint start, nodes=16
[DF] iter=1, changed=false
[DF] iterateToFixpoint start, nodes=2
[DF] iter=1, changed=false
[DF] iterateToFixpoint start, nodes=1
[DF] iter=1, changed=false
[DF] iterateToFixpoint start, nodes=10
[DF] iter=1, changed=false
[DF] iterateToFixpoint start, nodes=13
[DF] iter=1, changed=false
[DF] iterateToFixpoint start, nodes=11
[DF] iter=1, changed=false
[DF] iterateToFixpoint start, nodes=17
[DF] iter=1, changed=false
[DF] iterateToFixpoint start, nodes=6
[DF] iter=1, changed=false
[DF] iterateToFixpoint start, nodes=13
[DF] iter=1, changed=false
[DF] iterateToFixpoint start, nodes=18
[DF] iter=1, changed=false
[DF] iterateToFixpoint start, nodes=7
[DF] iter=1, changed=false
[DF] iterateToFixpoint start, nodes=23
[DF] iter=1, changed=true
[DF] iter=2, changed=false
[DF] iterateToFixpoint start, nodes=8
[DF] iter=1, changed=false
[DF] iterateToFixpoint start, nodes=9
[DF] iter=1, changed=false
[DF] iterateToFixpoint start, nodes=5
[DF] iter=1, changed=false
[DF] iterateToFixpoint start, nodes=13
[DF] iter=1, changed=false
[DF] iterateToFixpoint start, nodes=74
[DF] iter=1, changed=true
[DF] iter=2, changed=true
[DF] iter=3, changed=true
[DF] iter=4, changed=false
[DF] iterateToFixpoint start, nodes=7
[DF] iter=1, changed=false
[DF] iterateToFixpoint start, nodes=6
[DF] iter=1, changed=false
[DF] iterateToFixpoint start, nodes=10
[DF] iter=1, changed=false
[DF] iterateToFixpoint start, nodes=27
[DF] iter=1, changed=false
[DF] iterateToFixpoint start, nodes=2
[DF] iter=1, changed=false
[DF] iterateToFixpoint start, nodes=1
[DF] iter=1, changed=false
[DF] iterateToFixpoint start, nodes=3
[DF] iter=1, changed=false
[DF] iterateToFixpoint start, nodes=7
[DF] iter=1, changed=false
[DF] iterateToFixpoint start, nodes=6
[DF] iter=1, changed=false
[DF] iterateToFixpoint start, nodes=7
[DF] iter=1, changed=false
[DF] iterateToFixpoint start, nodes=12
[DF] iter=1, changed=false
[DF] iterateToFixpoint start, nodes=8
[DF] iter=1, changed=false
[DF] iterateToFixpoint start, nodes=2
[DF] iter=1, changed=false
[DF] iterateToFixpoint start, nodes=7
[DF] iter=1, changed=false
[DF] iterateToFixpoint start, nodes=1013
[DF] iter=1, changed=true
[DF] iter=2, changed=true
[DF] iter=3, changed=true
[DF] iter=4, changed=true
[DF] iter=5, changed=true
[DF] iter=6, changed=true
[DF] iter=7, changed=true
[DF] iter=8, changed=true
[DF] iter=9, changed=false
[DF] iterateToFixpoint start, nodes=1
[DF] iter=1, changed=false
[DF] iterateToFixpoint start, nodes=4
[DF] iter=1, changed=false
[DF] iterateToFixpoint start, nodes=10
[DF] iter=1, changed=false
[DF] iterateToFixpoint start, nodes=9
[DF] iter=1, changed=false
[DF] iterateToFixpoint start, nodes=58
[DF] iter=1, changed=true
[DF] iter=2, changed=true
[DF] iter=3, changed=false
[DF] iterateToFixpoint start, nodes=223
[DF] iter=1, changed=true
[DF] iter=2, changed=true
[DF] iter=3, changed=false
[DF] iterateToFixpoint start, nodes=2
[DF] iter=1, changed=false
[DF] iterateToFixpoint start, nodes=11
[DF] iter=1, changed=false
[DF] iterateToFixpoint start, nodes=71
[DF] iter=1, changed=true
[DF] iter=2, changed=false
[DF] iterateToFixpoint start, nodes=5
[DF] iter=1, changed=false
[DF] iterateToFixpoint start, nodes=11
[DF] iter=1, changed=true
[DF] iter=2, changed=false
[DF] iterateToFixpoint start, nodes=19
[DF] iter=1, changed=false
[DF] iterateToFixpoint start, nodes=91
[DF] iter=1, changed=false
[DF] iterateToFixpoint start, nodes=150
[DF] iter=1, changed=true
[DF] iter=2, changed=true
[DF] iter=3, changed=true
[DF] iter=4, changed=false
[DF] iterateToFixpoint start, nodes=2
[DF] iter=1, changed=false
[DF] iterateToFixpoint start, nodes=4
[DF] iter=1, changed=false
[DF] iterateToFixpoint start, nodes=2
[DF] iter=1, changed=false
[DF] iterateToFixpoint start, nodes=30
[DF] iter=1, changed=true
[DF] iter=2, changed=false
[DF] iterateToFixpoint start, nodes=44
[DF] iter=1, changed=true
[DF] iter=2, changed=false
[DF] iterateToFixpoint start, nodes=2
[DF] iter=1, changed=false
[DF] iterateToFixpoint start, nodes=1
[DF] iter=1, changed=false
[DF] iterateToFixpoint start, nodes=1
[DF] iter=1, changed=false
[DF] iterateToFixpoint start, nodes=14
[DF] iter=1, changed=false
[DF] iterateToFixpoint start, nodes=12
[DF] iter=1, changed=false
[DF] iterateToFixpoint start, nodes=13
[DF] iter=1, changed=false
[DF] iterateToFixpoint start, nodes=21
[DF] iter=1, changed=false
[DF] iterateToFixpoint start, nodes=7
[DF] iter=1, changed=false
[DF] iterateToFixpoint start, nodes=16
[DF] iter=1, changed=false
[DF] iterateToFixpoint start, nodes=2
[DF] iter=1, changed=false
[DF] iterateToFixpoint start, nodes=7
[DF] iter=1, changed=false
[DF] iterateToFixpoint start, nodes=17
[DF] iter=1, changed=true
[DF] iter=2, changed=false
[DF] iterateToFixpoint start, nodes=8
[DF] iter=1, changed=false
[DF] iterateToFixpoint start, nodes=12
[DF] iter=1, changed=false
[DF] iterateToFixpoint start, nodes=8
[DF] iter=1, changed=false
[DF] iterateToFixpoint start, nodes=28
[DF] iter=1, changed=true
[DF] iter=2, changed=true
[DF] iter=3, changed=false
[DF] iterateToFixpoint start, nodes=10
[DF] iter=1, changed=false
[DF] iterateToFixpoint start, nodes=11
[DF] iter=1, changed=false
[DF] iterateToFixpoint start, nodes=11
[DF] iter=1, changed=false
[DF] iterateToFixpoint start, nodes=15
[DF] iter=1, changed=false
[DF] iterateToFixpoint start, nodes=2
[DF] iter=1, changed=false
[DF] iterateToFixpoint start, nodes=1
[DF] iter=1, changed=false
[DF] iterateToFixpoint start, nodes=6
[DF] iter=1, changed=false
[DF] iterateToFixpoint start, nodes=5
[DF] iter=1, changed=false
[DF] iterateToFixpoint start, nodes=10
[DF] iter=1, changed=false
[DF] iterateToFixpoint start, nodes=11
[DF] iter=1, changed=false
[DF] iterateToFixpoint start, nodes=10
[DF] iter=1, changed=false
[DF] iterateToFixpoint start, nodes=6
[DF] iter=1, changed=false
[DF] iterateToFixpoint start, nodes=6
[DF] iter=1, changed=false
[DF] iterateToFixpoint start, nodes=1
[DF] iter=1, changed=false
[DF] iterateToFixpoint start, nodes=1
[DF] iter=1, changed=false
[DF] iterateToFixpoint start, nodes=20
[DF] iter=1, changed=true
[DF] iter=2, changed=true
[DF] iter=3, changed=false
[DF] iterateToFixpoint start, nodes=1
[DF] iter=1, changed=false
[DF] iterateToFixpoint start, nodes=21
[DF] iter=1, changed=true
[DF] iter=2, changed=true
[DF] iter=3, changed=true
[DF] iter=4, changed=false
[DF] iterateToFixpoint start, nodes=18
[DF] iter=1, changed=true
[DF] iter=2, changed=true
[DF] iter=3, changed=false
[DF] iterateToFixpoint start, nodes=10
[DF] iter=1, changed=false
[DF] iterateToFixpoint start, nodes=25
[DF] iter=1, changed=true
[DF] iter=2, changed=false
[bench] pairs=2 totalAccepted=3 totalAbstained=13678
[bench] Wrote metrics to C:\Users\pashq\IdeaProjects\fernflower-osrs\fernflower-osrs\mapper-cli\build\it\bench\metrics1.json
[bench] pairs=2 totalAccepted=3 totalAbstained=13678
[bench] Wrote metrics to C:\Users\pashq\IdeaProjects\fernflower-osrs\fernflower-osrs\mapper-cli\build\it\bench\metrics2.json
]]></system-out>
  <system-err><![CDATA[]]></system-err>
</testsuite>
