<?xml version="1.0" encoding="UTF-8"?>
<testsuite name="io.bytecodemapper.cli.CallGraphRefinerSmokeTest" tests="1" skipped="0" failures="0" errors="0" timestamp="2025-08-19T06:22:57" hostname="PRAGMATIQPASCAL" time="0.011">
  <properties/>
  <testcase name="oscillationDecreasesAndCapsHold" classname="io.bytecodemapper.cli.CallGraphRefinerSmokeTest" time="0.011"/>
  <system-out><![CDATA[Refine iter=1 flips=0 maxDelta=0.10000 (prev flips=-)
Refine iter=2 flips=0 maxDelta=0.00000 (prev flips=0)
]]></system-out>
  <system-err><![CDATA[]]></system-err>
</testsuite>
