<?xml version="1.0" encoding="UTF-8"?>
<testsuite name="io.bytecodemapper.cli.MethodMatcherProvenanceTest" tests="1" skipped="0" failures="0" errors="0" timestamp="2025-08-20T19:10:09" hostname="PRAGMATIQPASCAL" time="5.145">
  <properties/>
  <testcase name="provenanceLoggedCanonicalVsSurrogate" classname="io.bytecodemapper.cli.MethodMatcherProvenanceTest" time="5.145"/>
  <system-out><![CDATA[]]></system-out>
  <system-err><![CDATA[]]></system-err>
</testsuite>
