<?xml version="1.0" encoding="UTF-8"?>
<testsuite name="io.bytecodemapper.cli.MapOldNewSmokeTest" tests="1" skipped="0" failures="0" errors="0" timestamp="2025-08-20T19:10:04" hostname="PRAGMATIQPASCAL" time="5.339">
  <properties/>
  <testcase name="mapOldNew_producesMappingsAndDebugDump_cwdIndependent" classname="io.bytecodemapper.cli.MapOldNewSmokeTest" time="5.339"/>
  <system-out><![CDATA[[DF] iterateToFixpoint start, nodes=2
[DF] iter=1, changed=false
[DF] iterateToFixpoint start, nodes=6
[DF] iter=1, changed=false
[DF] iterateToFixpoint start, nodes=35
[DF] iter=1, changed=true
[DF] iter=2, changed=true
[DF] iter=3, changed=false
[DF] iterateToFixpoint start, nodes=36
[DF] iter=1, changed=true
[DF] iter=2, changed=false
[DF] iterateToFixpoint start, nodes=21
[DF] iter=1, changed=true
[DF] iter=2, changed=true
[DF] iter=3, changed=false
[DF] iterateToFixpoint start, nodes=16
[DF] iter=1, changed=true
[DF] iter=2, changed=false
[DF] iterateToFixpoint start, nodes=49
[DF] iter=1, changed=true
[DF] iter=2, changed=false
[DF] iterateToFixpoint start, nodes=45
[DF] iter=1, changed=true
[DF] iter=2, changed=false
[DF] iterateToFixpoint start, nodes=10
[DF] iter=1, changed=false
[DF] iterateToFixpoint start, nodes=4
[DF] iter=1, changed=false
[DF] iterateToFixpoint start, nodes=15
[DF] iter=1, changed=true
[DF] iter=2, changed=false
[DF] iterateToFixpoint start, nodes=7
[DF] iter=1, changed=true
[DF] iter=2, changed=false
[DF] iterateToFixpoint start, nodes=14
[DF] iter=1, changed=true
[DF] iter=2, changed=false
[DF] iterateToFixpoint start, nodes=34
[DF] iter=1, changed=false
[DF] iterateToFixpoint start, nodes=6
[DF] iter=1, changed=false
[DF] iterateToFixpoint start, nodes=20
[DF] iter=1, changed=false
[DF] iterateToFixpoint start, nodes=10
[DF] iter=1, changed=false
[DF] iterateToFixpoint start, nodes=2
[DF] iter=1, changed=false
[DF] iterateToFixpoint start, nodes=6
[DF] iter=1, changed=false
[DF] iterateToFixpoint start, nodes=13
[DF] iter=1, changed=false
[DF] iterateToFixpoint start, nodes=9
[DF] iter=1, changed=false
[DF] iterateToFixpoint start, nodes=1
[DF] iter=1, changed=false
[DF] iterateToFixpoint start, nodes=1
[DF] iter=1, changed=false
[DF] iterateToFixpoint start, nodes=17
[DF] iter=1, changed=false
[DF] iterateToFixpoint start, nodes=1
[DF] iter=1, changed=false
[DF] iterateToFixpoint start, nodes=12
[DF] iter=1, changed=false
[DF] iterateToFixpoint start, nodes=8
[DF] iter=1, changed=false
[DF] iterateToFixpoint start, nodes=1
[DF] iter=1, changed=false
[DF] iterateToFixpoint start, nodes=9
[DF] iter=1, changed=false
[DF] iterateToFixpoint start, nodes=1
[DF] iter=1, changed=false
[DF] iterateToFixpoint start, nodes=1
[DF] iter=1, changed=false
[DF] iterateToFixpoint start, nodes=9
[DF] iter=1, changed=false
Wrote normalized debug to: C:\Users\pashq\IdeaProjects\fernflower-osrs\fernflower-osrs\mapper-cli\build\smoke\mapoldnew\normalized-debug.txt
Wrote Tiny v2 to: C:\Users\pashq\IdeaProjects\fernflower-osrs\fernflower-osrs\mapper-cli\build\smoke\mapoldnew\smoke-mappings.tiny
[DF] iterateToFixpoint start, nodes=2
[DF] iter=1, changed=false
[DF] iterateToFixpoint start, nodes=6
[DF] iter=1, changed=false
[DF] iterateToFixpoint start, nodes=35
[DF] iter=1, changed=true
[DF] iter=2, changed=true
[DF] iter=3, changed=false
[DF] iterateToFixpoint start, nodes=36
[DF] iter=1, changed=true
[DF] iter=2, changed=false
[DF] iterateToFixpoint start, nodes=21
[DF] iter=1, changed=true
[DF] iter=2, changed=true
[DF] iter=3, changed=false
[DF] iterateToFixpoint start, nodes=16
[DF] iter=1, changed=true
[DF] iter=2, changed=false
[DF] iterateToFixpoint start, nodes=49
[DF] iter=1, changed=true
[DF] iter=2, changed=false
[DF] iterateToFixpoint start, nodes=45
[DF] iter=1, changed=true
[DF] iter=2, changed=false
[DF] iterateToFixpoint start, nodes=10
[DF] iter=1, changed=false
[DF] iterateToFixpoint start, nodes=4
[DF] iter=1, changed=false
[DF] iterateToFixpoint start, nodes=15
[DF] iter=1, changed=true
[DF] iter=2, changed=false
[DF] iterateToFixpoint start, nodes=7
[DF] iter=1, changed=true
[DF] iter=2, changed=false
[DF] iterateToFixpoint start, nodes=14
[DF] iter=1, changed=true
[DF] iter=2, changed=false
[DF] iterateToFixpoint start, nodes=34
[DF] iter=1, changed=false
[DF] iterateToFixpoint start, nodes=6
[DF] iter=1, changed=false
[DF] iterateToFixpoint start, nodes=20
[DF] iter=1, changed=false
[DF] iterateToFixpoint start, nodes=10
[DF] iter=1, changed=false
[DF] iterateToFixpoint start, nodes=2
[DF] iter=1, changed=false
[DF] iterateToFixpoint start, nodes=6
[DF] iter=1, changed=false
[DF] iterateToFixpoint start, nodes=13
[DF] iter=1, changed=false
[DF] iterateToFixpoint start, nodes=9
[DF] iter=1, changed=false
[DF] iterateToFixpoint start, nodes=1
[DF] iter=1, changed=false
[DF] iterateToFixpoint start, nodes=1
[DF] iter=1, changed=false
[DF] iterateToFixpoint start, nodes=17
[DF] iter=1, changed=false
[DF] iterateToFixpoint start, nodes=1
[DF] iter=1, changed=false
[DF] iterateToFixpoint start, nodes=12
[DF] iter=1, changed=false
[DF] iterateToFixpoint start, nodes=8
[DF] iter=1, changed=false
[DF] iterateToFixpoint start, nodes=1
[DF] iter=1, changed=false
[DF] iterateToFixpoint start, nodes=9
[DF] iter=1, changed=false
[DF] iterateToFixpoint start, nodes=1
[DF] iter=1, changed=false
[DF] iterateToFixpoint start, nodes=1
[DF] iter=1, changed=false
[DF] iterateToFixpoint start, nodes=9
[DF] iter=1, changed=false
Wrote normalized debug to: C:\Users\pashq\IdeaProjects\fernflower-osrs\fernflower-osrs\mapper-cli\build\smoke\mapoldnew\normalized-debug-2.txt
Wrote Tiny v2 to: C:\Users\pashq\IdeaProjects\fernflower-osrs\fernflower-osrs\mapper-cli\build\smoke\mapoldnew\smoke-mappings-2.tiny
]]></system-out>
  <system-err><![CDATA[]]></system-err>
</testsuite>
