<?xml version="1.0" encoding="UTF-8"?>
<testsuite name="io.bytecodemapper.cli.RemapperVerifyIT" tests="1" skipped="0" failures="0" errors="0" timestamp="2025-08-21T04:18:26" hostname="PRAGMATIQPASCAL" time="12.908">
  <properties/>
  <testcase name="tiny_and_asm_remap_deterministic_and_nonempty" classname="io.bytecodemapper.cli.RemapperVerifyIT" time="12.908"/>
  <system-out><![CDATA[Wrote Tiny v2 to: C:\Users\pashq\IdeaProjects\fernflower-osrs\fernflower-osrs\mapper-cli\build\it\rv\map.tiny
[applyMappings] TinyRemapper verify: classes=328 methods=4 fields=0
[applyMappings] classes=328 methods=4 fields=0
[applyMappings] TinyRemapper verify: classes=328 methods=4 fields=0
[applyMappings] classes=328 methods=4 fields=0
[applyMappings] TinyRemapper verify: classes=328 methods=4 fields=0
[applyMappings] classes=328 methods=4 fields=0
[applyMappings] TinyRemapper verify: classes=328 methods=4 fields=0
[applyMappings] classes=328 methods=4 fields=0
]]></system-out>
  <system-err><![CDATA[]]></system-err>
</testsuite>
