<?xml version="1.0" encoding="UTF-8"?>
<testsuite name="io.bytecodemapper.cli.MapOldNewSmokeTest" tests="1" skipped="0" failures="0" errors="0" timestamp="2025-08-19T11:46:43" hostname="PRAGMATIQPASCAL" time="44.603">
  <properties/>
  <testcase name="runsMapOldNewAndWritesDebugDump" classname="io.bytecodemapper.cli.MapOldNewSmokeTest" time="44.603"/>
  <system-out><![CDATA[[DF] iterateToFixpoint start, nodes=1
[DF] iter=1, changed=false
[DF] iterateToFixpoint start, nodes=2
[DF] iter=1, changed=false
[DF] iterateToFixpoint start, nodes=1
[DF] iter=1, changed=false
[DF] iterateToFixpoint start, nodes=1
[DF] iter=1, changed=false
[DF] iterateToFixpoint start, nodes=1
[DF] iter=1, changed=false
[DF] iterateToFixpoint start, nodes=1
[DF] iter=1, changed=false
[DF] iterateToFixpoint start, nodes=1
[DF] iter=1, changed=false
[DF] iterateToFixpoint start, nodes=1
[DF] iter=1, changed=false
[DF] iterateToFixpoint start, nodes=1
[DF] iter=1, changed=false
[DF] iterateToFixpoint start, nodes=1
[DF] iter=1, changed=false
Wrote normalized debug to: C:\Users\pashq\IdeaProjects\fernflower-osrs\fernflower-osrs\mapper-cli\build\test-normalized_debug.txt
Wrote Tiny v2 to: C:\Users\pashq\IdeaProjects\fernflower-osrs\fernflower-osrs\mapper-cli\build\test-smoke-mappings.tiny
]]></system-out>
  <system-err><![CDATA[]]></system-err>
</testsuite>
