<?xml version="1.0" encoding="UTF-8"?>
<testsuite name="io.bytecodemapper.cli.DeterminismEndToEndTest" tests="1" skipped="0" failures="0" errors="0" timestamp="2025-08-19T15:38:05" hostname="PRAGMATIQPASCAL" time="0.237">
  <properties/>
  <testcase name="mapOldNewTwice_producesIdenticalMappings" classname="io.bytecodemapper.cli.DeterminismEndToEndTest" time="0.237"/>
  <system-out><![CDATA[[DF] iterateToFixpoint start, nodes=1
[DF] iter=1, changed=false
[DF] iterateToFixpoint start, nodes=1
[DF] iter=1, changed=false
[DF] iterateToFixpoint start, nodes=1
[DF] iter=1, changed=false
[DF] iterateToFixpoint start, nodes=1
[DF] iter=1, changed=false
Wrote Tiny v2 to: C:\Users\pashq\AppData\Local\Temp\determinism-e2e4412625210578241125\mappings1.tiny
Wrote Tiny v2 to: C:\Users\pashq\AppData\Local\Temp\determinism-e2e4412625210578241125\mappings2.tiny
]]></system-out>
  <system-err><![CDATA[]]></system-err>
</testsuite>
