<?xml version="1.0" encoding="UTF-8"?>
<testsuite name="io.bytecodemapper.cli.RefinementEffectIT" tests="1" skipped="0" failures="0" errors="0" timestamp="2025-08-20T14:22:00" hostname="PRAGMATIQPASCAL" time="3.131">
  <properties/>
  <testcase name="refine_does_not_reduce_acceptance_and_is_deterministic" classname="io.bytecodemapper.cli.RefinementEffectIT" time="3.131"/>
  <system-out><![CDATA[Wrote Tiny v2 to: C:\Users\pashq\IdeaProjects\fernflower-osrs\fernflower-osrs\mapper-cli\build\it\ref\base.tiny
Wrote Tiny v2 to: C:\Users\pashq\IdeaProjects\fernflower-osrs\fernflower-osrs\mapper-cli\build\it\ref\ref1.tiny
Wrote Tiny v2 to: C:\Users\pashq\IdeaProjects\fernflower-osrs\fernflower-osrs\mapper-cli\build\it\ref\ref2.tiny
]]></system-out>
  <system-err><![CDATA[]]></system-err>
</testsuite>
