<?xml version="1.0" encoding="UTF-8"?>
<testsuite name="io.bytecodemapper.core.assign.GreedyAssignTest" tests="1" skipped="0" failures="0" errors="0" timestamp="2025-08-19T11:47:30" hostname="PRAGMATIQPASCAL" time="0.003">
  <properties/>
  <testcase name="simpleAssign" classname="io.bytecodemapper.core.assign.GreedyAssignTest" time="0.003"/>
  <system-out><![CDATA[]]></system-out>
  <system-err><![CDATA[]]></system-err>
</testsuite>
