<?xml version="1.0" encoding="UTF-8"?>
<testsuite name="io.bytecodemapper.core.ExtendedDomDfCfgTest" tests="3" skipped="0" failures="0" errors="0" timestamp="2025-08-19T19:26:28" hostname="PRAGMATIQPASCAL" time="0.004">
  <properties/>
  <testcase name="tryCatchAndSwitch_dontExplodeAndHaveStableCounts" classname="io.bytecodemapper.core.ExtendedDomDfCfgTest" time="0.003"/>
  <testcase name="diamond_hasJoinAndFrontier" classname="io.bytecodemapper.core.ExtendedDomDfCfgTest" time="0.001"/>
  <testcase name="loops_haveBackEdgeAndNonEmptyTdf" classname="io.bytecodemapper.core.ExtendedDomDfCfgTest" time="0.0"/>
  <system-out><![CDATA[[DF] iterateToFixpoint start, nodes=5
[DF] iter=1, changed=true
[DF] iter=2, changed=false
]]></system-out>
  <system-err><![CDATA[]]></system-err>
</testsuite>
