<?xml version="1.0" encoding="UTF-8"?>
<testsuite name="io.bytecodemapper.core.NormalizerTest" tests="4" skipped="0" failures="0" errors="0" timestamp="2025-08-19T18:17:08" hostname="PRAGMATIQPASCAL" time="0.002">
  <properties/>
  <testcase name="constConstCompareFolded" classname="io.bytecodemapper.core.NormalizerTest" time="0.0"/>
  <testcase name="constantSwitchFoldedToGoto" classname="io.bytecodemapper.core.NormalizerTest" time="0.001"/>
  <testcase name="opaqueIfFalseRemovedAndWrapperDropped" classname="io.bytecodemapper.core.NormalizerTest" time="0.0"/>
  <testcase name="flatteningDetectionSetsBypassFlag" classname="io.bytecodemapper.core.NormalizerTest" time="0.0"/>
  <system-out><![CDATA[]]></system-out>
  <system-err><![CDATA[]]></system-err>
</testsuite>
