<?xml version="1.0" encoding="UTF-8"?>
<testsuite name="io.bytecodemapper.core.WLRefinementTest" tests="2" skipped="0" failures="0" errors="0" timestamp="2025-08-20T14:03:32" hostname="PRAGMATIQPASCAL" time="0.012">
  <properties/>
  <testcase name="stableUnderNoopReorder" classname="io.bytecodemapper.core.WLRefinementTest" time="0.009"/>
  <testcase name="differentConstantsSameWL" classname="io.bytecodemapper.core.WLRefinementTest" time="0.003"/>
  <system-out><![CDATA[[DF] iterateToFixpoint start, nodes=1
[DF] iter=1, changed=false
[DF] iterateToFixpoint start, nodes=1
[DF] iter=1, changed=false
[DF] iterateToFixpoint start, nodes=2
[DF] iter=1, changed=false
[DF] iterateToFixpoint start, nodes=2
[DF] iter=1, changed=false
]]></system-out>
  <system-err><![CDATA[]]></system-err>
</testsuite>
