<?xml version="1.0" encoding="UTF-8"?>
<testsuite name="io.bytecodemapper.core.ReducedCfgDomDfTest" tests="7" skipped="0" failures="0" errors="0" timestamp="2025-08-18T13:55:45" hostname="PRAGMATIQPASCAL" time="0.034">
  <properties/>
  <testcase name="dfDeterminismHashTwice" classname="io.bytecodemapper.core.ReducedCfgDomDfTest" time="0.031"/>
  <testcase name="nestedLoops" classname="io.bytecodemapper.core.ReducedCfgDomDfTest" time="0.001"/>
  <testcase name="singleBlock" classname="io.bytecodemapper.core.ReducedCfgDomDfTest" time="0.001"/>
  <testcase name="simpleLoop" classname="io.bytecodemapper.core.ReducedCfgDomDfTest" time="0.0"/>
  <testcase name="tableSwitchEdges" classname="io.bytecodemapper.core.ReducedCfgDomDfTest" time="0.001"/>
  <testcase name="diamondDf" classname="io.bytecodemapper.core.ReducedCfgDomDfTest" time="0.0"/>
  <testcase name="tryCatchAddsHandlerEdge" classname="io.bytecodemapper.core.ReducedCfgDomDfTest" time="0.0"/>
  <system-out><![CDATA[DF hash run1=5586683451721062565 run2=5586683451721062565
]]></system-out>
  <system-err><![CDATA[]]></system-err>
</testsuite>
