<?xml version="1.0" encoding="UTF-8"?>
<testsuite name="io.bytecodemapper.core.CoreApisTest" tests="1" skipped="0" failures="0" errors="0" timestamp="2025-08-20T14:03:32" hostname="PRAGMATIQPASCAL" time="0.059">
  <properties/>
  <testcase name="apiSurfacesExist" classname="io.bytecodemapper.core.CoreApisTest" time="0.059"/>
  <system-out><![CDATA[[DF] iterateToFixpoint start, nodes=0
[DF] iter=1, changed=false
]]></system-out>
  <system-err><![CDATA[]]></system-err>
</testsuite>
