<?xml version="1.0" encoding="UTF-8"?>
<testsuite name="io.bytecodemapper.core.index.NsfIndexTest" tests="1" skipped="1" failures="0" errors="0" timestamp="2025-08-20T19:13:17" hostname="PRAGMATIQPASCAL" time="0.0">
  <properties/>
  <testcase name="placeholder" classname="io.bytecodemapper.core.index.NsfIndexTest" time="0.0">
    <skipped/>
  </testcase>
  <system-out><![CDATA[]]></system-out>
  <system-err><![CDATA[]]></system-err>
</testsuite>
