<?xml version="1.0" encoding="UTF-8"?>
<testsuite name="io.bytecodemapper.signals.micro.BitOrderTest" tests="1" skipped="0" failures="0" errors="0" timestamp="2025-08-21T06:05:53" hostname="PRAGMATIQPASCAL" time="0.002">
  <properties/>
  <testcase name="frozenOrderHas17" classname="io.bytecodemapper.signals.micro.BitOrderTest" time="0.002"/>
  <system-out><![CDATA[]]></system-out>
  <system-err><![CDATA[]]></system-err>
</testsuite>
