<?xml version="1.0" encoding="UTF-8"?>
<testsuite name="io.bytecodemapper.signals.normalized.NormalizedMethodTest" tests="4" skipped="0" failures="0" errors="0" timestamp="2025-08-20T19:13:24" hostname="PRAGMATIQPASCAL" time="0.01">
  <properties/>
  <testcase name="ownerPlumbingInInvokedSignatures" classname="io.bytecodemapper.signals.normalized.NormalizedMethodTest" time="0.003"/>
  <testcase name="opaqueGuardExclusionLowersHistogram" classname="io.bytecodemapper.signals.normalized.NormalizedMethodTest" time="0.003"/>
  <testcase name="fingerprintDeterministic" classname="io.bytecodemapper.signals.normalized.NormalizedMethodTest" time="0.002"/>
  <testcase name="unwrapsRuntimeExceptionWrapperWhenWholeBody" classname="io.bytecodemapper.signals.normalized.NormalizedMethodTest" time="0.001"/>
  <system-out><![CDATA[]]></system-out>
  <system-err><![CDATA[]]></system-err>
</testsuite>
