<?xml version="1.0" encoding="UTF-8"?>
<testsuite name="io.bytecodemapper.signals.calls.CallBagTfidfTest" tests="1" skipped="0" failures="0" errors="0" timestamp="2025-08-19T21:07:35" hostname="PRAGMATIQPASCAL" time="0.011">
  <properties/>
  <testcase name="orderInvariant" classname="io.bytecodemapper.signals.calls.CallBagTfidfTest" time="0.011"/>
  <system-out><![CDATA[]]></system-out>
  <system-err><![CDATA[]]></system-err>
</testsuite>
