<?xml version="1.0" encoding="UTF-8"?>
<testsuite name="io.bytecodemapper.signals.opcode.OpcodeFeaturesTest" tests="2" skipped="0" failures="0" errors="0" timestamp="2025-08-18T18:21:27" hostname="PRAGMATIQPASCAL" time="0.015">
  <properties/>
  <testcase name="histogramPermutationInvariant" classname="io.bytecodemapper.signals.opcode.OpcodeFeaturesTest" time="0.006"/>
  <testcase name="ngramCapturesOrderChanges" classname="io.bytecodemapper.signals.opcode.OpcodeFeaturesTest" time="0.009"/>
  <system-out><![CDATA[]]></system-out>
  <system-err><![CDATA[]]></system-err>
</testsuite>
