<?xml version="1.0" encoding="UTF-8"?>
<testsuite name="io.bytecodemapper.signals.micro.MicroScoreTest" tests="2" skipped="0" failures="0" errors="0" timestamp="2025-08-19T21:01:28" hostname="PRAGMATIQPASCAL" time="0.001">
  <properties/>
  <testcase name="cosine_zero_when_one_empty" classname="io.bytecodemapper.signals.micro.MicroScoreTest" time="0.001"/>
  <testcase name="blended_basic" classname="io.bytecodemapper.signals.micro.MicroScoreTest" time="0.0"/>
  <system-out><![CDATA[]]></system-out>
  <system-err><![CDATA[]]></system-err>
</testsuite>
