<?xml version="1.0" encoding="UTF-8"?>
<testsuite name="io.bytecodemapper.signals.opcode.OpcodeFeaturesTest" tests="2" skipped="0" failures="0" errors="0" timestamp="2025-08-19T19:26:30" hostname="PRAGMATIQPASCAL" time="0.003">
  <properties/>
  <testcase name="histogramPermutationInvariant" classname="io.bytecodemapper.signals.opcode.OpcodeFeaturesTest" time="0.001"/>
  <testcase name="ngramCapturesOrderChanges" classname="io.bytecodemapper.signals.opcode.OpcodeFeaturesTest" time="0.002"/>
  <system-out><![CDATA[]]></system-out>
  <system-err><![CDATA[]]></system-err>
</testsuite>
