<?xml version="1.0" encoding="UTF-8"?>
<testsuite name="io.bytecodemapper.signals.normalized.NormalizedFeaturesTest" tests="1" skipped="0" failures="0" errors="0" timestamp="2025-08-20T19:13:24" hostname="PRAGMATIQPASCAL" time="0.015">
  <properties/>
  <testcase name="nsfFingerprintDeterministic" classname="io.bytecodemapper.signals.normalized.NormalizedFeaturesTest" time="0.015"/>
  <system-out><![CDATA[]]></system-out>
  <system-err><![CDATA[]]></system-err>
</testsuite>
