<?xml version="1.0" encoding="UTF-8"?>
<testsuite name="io.bytecodemapper.signals.strings.StringTfidfTest" tests="1" skipped="0" failures="0" errors="0" timestamp="2025-08-21T06:27:23" hostname="PRAGMATIQPASCAL" time="0.001">
  <properties/>
  <testcase name="orderInvariantButTfAware" classname="io.bytecodemapper.signals.strings.StringTfidfTest" time="0.001"/>
  <system-out><![CDATA[]]></system-out>
  <system-err><![CDATA[]]></system-err>
</testsuite>
